12:28:19 INFO  tests.TestBase - Method registrationPositiveTest is started
12:28:19 INFO  manager.WebDriverListener - Start searching element -------->By.xpath: //*[.='Sign Out']
12:28:24 INFO  manager.WebDriverListener - Element with locator -------->By.xpath: //*[.='Sign Out']is found
12:28:24 INFO  manager.TestNgListener - Test registrationPositiveTest successfully invoked
12:28:24 INFO  manager.WebDriverListener - Start searching element -------->By.xpath: //*[.='LOGIN']
12:28:24 INFO  manager.WebDriverListener - Element with locator -------->By.xpath: //*[.='LOGIN']is found
12:28:24 INFO  manager.WebDriverListener - Start searching element -------->By.xpath: //input[1]
12:28:24 INFO  manager.WebDriverListener - Element with locator -------->By.xpath: //input[1]is found
12:28:24 INFO  manager.WebDriverListener - Start searching element -------->By.xpath: input[2]
12:28:29 INFO  manager.WebDriverListener - Something went wrong !
12:28:29 INFO  manager.WebDriverListener - no such element: Unable to locate element: {"method":"xpath","selector":"input[2]"}
  (Session info: chrome=114.0.5735.135)
For documentation on this error, please visit: https://www.seleniumhq.org/exceptions/no_such_element.html
Build info: version: '3.141.59', revision: 'e82be7d358', time: '2018-11-14T08:17:03'
System info: host: 'MAIN', ip: '192.168.50.2', os.name: 'Windows 10', os.arch: 'amd64', os.version: '10.0', java.version: '1.8.0_333'
Driver info: org.openqa.selenium.chrome.ChromeDriver
Capabilities {acceptInsecureCerts: false, browserName: chrome, browserVersion: 114.0.5735.135, chrome: {chromedriverVersion: 113.0.5672.63 (0e1a4471d5ae..., userDataDir: C:\Users\unmai\AppData\Loca...}, goog:chromeOptions: {debuggerAddress: localhost:64231}, javascriptEnabled: true, networkConnectionEnabled: false, pageLoadStrategy: normal, platform: WINDOWS, platformName: WINDOWS, proxy: Proxy(), setWindowRect: true, strictFileInteractability: false, timeouts: {implicit: 0, pageLoad: 300000, script: 30000}, unhandledPromptBehavior: dismiss and notify, webauthn:extension:credBlob: true, webauthn:extension:largeBlob: true, webauthn:extension:minPinLength: true, webauthn:extension:prf: true, webauthn:virtualAuthenticators: true}
Session ID: 0a7000827bfbba19f3d86fdb4c4f5f7f
*** Element info: {Using=xpath, value=input[2]}
12:28:29 INFO  manager.WebDriverListener - org.openqa.selenium.NoSuchElementException: no such element: Unable to locate element: {"method":"xpath","selector":"input[2]"}
  (Session info: chrome=114.0.5735.135)
For documentation on this error, please visit: https://www.seleniumhq.org/exceptions/no_such_element.html
Build info: version: '3.141.59', revision: 'e82be7d358', time: '2018-11-14T08:17:03'
System info: host: 'MAIN', ip: '192.168.50.2', os.name: 'Windows 10', os.arch: 'amd64', os.version: '10.0', java.version: '1.8.0_333'
Driver info: org.openqa.selenium.chrome.ChromeDriver
Capabilities {acceptInsecureCerts: false, browserName: chrome, browserVersion: 114.0.5735.135, chrome: {chromedriverVersion: 113.0.5672.63 (0e1a4471d5ae..., userDataDir: C:\Users\unmai\AppData\Loca...}, goog:chromeOptions: {debuggerAddress: localhost:64231}, javascriptEnabled: true, networkConnectionEnabled: false, pageLoadStrategy: normal, platform: WINDOWS, platformName: WINDOWS, proxy: Proxy(), setWindowRect: true, strictFileInteractability: false, timeouts: {implicit: 0, pageLoad: 300000, script: 30000}, unhandledPromptBehavior: dismiss and notify, webauthn:extension:credBlob: true, webauthn:extension:largeBlob: true, webauthn:extension:minPinLength: true, webauthn:extension:prf: true, webauthn:virtualAuthenticators: true}
Session ID: 0a7000827bfbba19f3d86fdb4c4f5f7f
*** Element info: {Using=xpath, value=input[2]}
12:28:29 INFO  manager.WebDriverListener - This is a link to screenshot with error ---->src/test/screenshots/screen - 1709.png
12:28:29 INFO  manager.TestNgListener - Test registrationPositiveTest FAILED : org.openqa.selenium.NoSuchElementException: no such element: Unable to locate element: {"method":"xpath","selector":"input[2]"}
  (Session info: chrome=114.0.5735.135)
For documentation on this error, please visit: https://www.seleniumhq.org/exceptions/no_such_element.html
Build info: version: '3.141.59', revision: 'e82be7d358', time: '2018-11-14T08:17:03'
System info: host: 'MAIN', ip: '192.168.50.2', os.name: 'Windows 10', os.arch: 'amd64', os.version: '10.0', java.version: '1.8.0_333'
Driver info: org.openqa.selenium.chrome.ChromeDriver
Capabilities {acceptInsecureCerts: false, browserName: chrome, browserVersion: 114.0.5735.135, chrome: {chromedriverVersion: 113.0.5672.63 (0e1a4471d5ae..., userDataDir: C:\Users\unmai\AppData\Loca...}, goog:chromeOptions: {debuggerAddress: localhost:64231}, javascriptEnabled: true, networkConnectionEnabled: false, pageLoadStrategy: normal, platform: WINDOWS, platformName: WINDOWS, proxy: Proxy(), setWindowRect: true, strictFileInteractability: false, timeouts: {implicit: 0, pageLoad: 300000, script: 30000}, unhandledPromptBehavior: dismiss and notify, webauthn:extension:credBlob: true, webauthn:extension:largeBlob: true, webauthn:extension:minPinLength: true, webauthn:extension:prf: true, webauthn:virtualAuthenticators: true}
Session ID: 0a7000827bfbba19f3d86fdb4c4f5f7f
*** Element info: {Using=xpath, value=input[2]}
12:28:29 INFO  tests.TestBase - ================================
